<?xml version="1.0" encoding="UTF-8"?>
<testng-results skipped="0" failed="1" total="5" passed="4">
  <reporter-output>
    <line>
      <![CDATA[2017-04-13 10:28:18.345 [info]  Open Chrome Browser]]>
    </line>
    <line>
      <![CDATA[2017-04-13 10:28:19.537 [info]  Open Appdirect HomePage]]>
    </line>
    <line>
      <![CDATA[2017-04-13 10:28:28.897 [Verify]  Verify If Appdirect HomePage Title]]>
    </line>
    <line>
      <![CDATA[2017-04-13 10:28:28.904 [Verify]  Verify If Appdirect HomePage is Displayed]]>
    </line>
    <line>
      <![CDATA[2017-04-13 10:28:28.946 [info]  Open Login Page]]>
    </line>
    <line>
      <![CDATA[2017-04-13 10:28:35.669 [Verify]  Verify If Appdirect LoginPage Title]]>
    </line>
    <line>
      <![CDATA[2017-04-13 10:28:35.678 [info]  Open SignUp Page]]>
    </line>
    <line>
      <![CDATA[2017-04-13 10:28:37.915 [Verify]  Verify If Appdirect SignUp Page is Displayed]]>
    </line>
    <line>
      <![CDATA[2017-04-13 10:28:37.982 [Verify]  Verify If SignUpPage Title is correct]]>
    </line>
    <line>
      <![CDATA[2017-04-13 10:28:37.987 [info]  Enter EmailId in SignUp Text]]>
    </line>
    <line>
      <![CDATA[2017-04-13 10:28:38.122 [info]  Writing Entered Email Id in Property File]]>
    </line>
    <line>
      <![CDATA[2017-04-13 10:28:38.125 [info]  SignUp Button Is Clicked]]>
    </line>
    <line>
      <![CDATA[2017-04-13 10:28:39.8 [Verify]  Verify SignUp Success]]>
    </line>
    <line>
      <![CDATA[2017-04-13 10:28:39.825 [info]  Succcessfully SignedUp]]>
    </line>
    <line>
      <![CDATA[2017-04-13 10:28:39.825 [info]  Thanks for registering.]]>
    </line>
    <line>
      <![CDATA[2017-04-13 10:28:39.827 [info]  Navigate Back To Login Page]]>
    </line>
    <line>
      <![CDATA[2017-04-13 10:28:41.058 [info]  Open SignUp Page]]>
    </line>
    <line>
      <![CDATA[2017-04-13 10:28:43.242 [info]  Enter Email Id from Already Registered EmailId]]>
    </line>
    <line>
      <![CDATA[2017-04-13 10:28:43.559 [info]  SignUp Button Is Clicked]]>
    </line>
  </reporter-output>
  <suite name="Default suite" duration-ms="35503" started-at="2017-04-13T04:58:18Z" finished-at="2017-04-13T04:58:53Z">
    <groups>
    </groups>
    <test name="Default test" duration-ms="35503" started-at="2017-04-13T04:58:18Z" finished-at="2017-04-13T04:58:53Z">
      <class name="signupautomation.VerifyLinkText">
        <test-method status="PASS" signature="Browser()[pri:0, instance:signupautomation.VerifyLinkText@29774679]" name="Browser" is-config="true" duration-ms="1189" started-at="2017-04-13T10:28:18Z" finished-at="2017-04-13T10:28:19Z">
          <reporter-output>
            <line>
              <![CDATA[2017-04-13 10:28:18.345 [info]  Open Chrome Browser]]>
            </line>
          </reporter-output>
        </test-method> <!-- Browser -->
        <test-method status="PASS" signature="testHomePage()[pri:0, instance:signupautomation.VerifyLinkText@29774679]" name="testHomePage" duration-ms="9491" started-at="2017-04-13T10:28:19Z" finished-at="2017-04-13T10:28:29Z">
          <reporter-output>
            <line>
              <![CDATA[2017-04-13 10:28:19.537 [info]  Open Appdirect HomePage]]>
            </line>
            <line>
              <![CDATA[2017-04-13 10:28:28.897 [Verify]  Verify If Appdirect HomePage Title]]>
            </line>
            <line>
              <![CDATA[2017-04-13 10:28:28.904 [Verify]  Verify If Appdirect HomePage is Displayed]]>
            </line>
            <line>
              <![CDATA[2017-04-13 10:28:28.946 [info]  Open Login Page]]>
            </line>
          </reporter-output>
        </test-method> <!-- testHomePage -->
        <test-method status="PASS" signature="testLoginPage()[pri:0, instance:signupautomation.VerifyLinkText@29774679]" name="testLoginPage" duration-ms="8892" started-at="2017-04-13T10:28:29Z" finished-at="2017-04-13T10:28:37Z">
          <reporter-output>
            <line>
              <![CDATA[2017-04-13 10:28:35.669 [Verify]  Verify If Appdirect LoginPage Title]]>
            </line>
            <line>
              <![CDATA[2017-04-13 10:28:35.678 [info]  Open SignUp Page]]>
            </line>
          </reporter-output>
        </test-method> <!-- testLoginPage -->
        <test-method status="PASS" signature="testSignUpPage()[pri:0, instance:signupautomation.VerifyLinkText@29774679]" name="testSignUpPage" duration-ms="301" started-at="2017-04-13T10:28:37Z" finished-at="2017-04-13T10:28:38Z">
          <reporter-output>
            <line>
              <![CDATA[2017-04-13 10:28:37.915 [Verify]  Verify If Appdirect SignUp Page is Displayed]]>
            </line>
            <line>
              <![CDATA[2017-04-13 10:28:37.982 [Verify]  Verify If SignUpPage Title is correct]]>
            </line>
            <line>
              <![CDATA[2017-04-13 10:28:37.987 [info]  Enter EmailId in SignUp Text]]>
            </line>
            <line>
              <![CDATA[2017-04-13 10:28:38.122 [info]  Writing Entered Email Id in Property File]]>
            </line>
            <line>
              <![CDATA[2017-04-13 10:28:38.125 [info]  SignUp Button Is Clicked]]>
            </line>
          </reporter-output>
        </test-method> <!-- testSignUpPage -->
        <test-method status="PASS" signature="testEmailSuccess()[pri:0, instance:signupautomation.VerifyLinkText@29774679]" name="testEmailSuccess" duration-ms="1608" started-at="2017-04-13T10:28:38Z" depends-on-methods="signupautomation.VerifyLinkText.testSignUpPage" finished-at="2017-04-13T10:28:39Z">
          <reporter-output>
            <line>
              <![CDATA[2017-04-13 10:28:39.8 [Verify]  Verify SignUp Success]]>
            </line>
            <line>
              <![CDATA[2017-04-13 10:28:39.825 [info]  Succcessfully SignedUp]]>
            </line>
            <line>
              <![CDATA[2017-04-13 10:28:39.825 [info]  Thanks for registering.]]>
            </line>
          </reporter-output>
        </test-method> <!-- testEmailSuccess -->
        <test-method status="FAIL" signature="testEmailFail()[pri:0, instance:signupautomation.VerifyLinkText@29774679]" name="testEmailFail" duration-ms="14001" started-at="2017-04-13T10:28:39Z" depends-on-methods="signupautomation.VerifyLinkText.testEmailSuccess" finished-at="2017-04-13T10:28:53Z">
          <exception class="org.openqa.selenium.TimeoutException">
            <message>
              <![CDATA[Expected condition failed: waiting for visibility of element located by By.cssSelector: .js-alert-container (tried for 10 second(s) with 500 MILLISECONDS interval)]]>
            </message>
            <full-stacktrace>
              <![CDATA[org.openqa.selenium.TimeoutException: Expected condition failed: waiting for visibility of element located by By.cssSelector: .js-alert-container (tried for 10 second(s) with 500 MILLISECONDS interval)
	at org.openqa.selenium.support.ui.WebDriverWait.timeoutException(WebDriverWait.java:80)
	at org.openqa.selenium.support.ui.FluentWait.until(FluentWait.java:232)
	at Utils.Util.waitVisibilityConditionByCssSelector(Util.java:42)
	at Checker.RegisterationChecker.verifySignUpFailure(RegisterationChecker.java:42)
	at signupautomation.VerifyLinkText.testEmailFail(VerifyLinkText.java:66)
	at sun.reflect.NativeMethodAccessorImpl.invoke0(Native Method)
	at sun.reflect.NativeMethodAccessorImpl.invoke(NativeMethodAccessorImpl.java:62)
	at sun.reflect.DelegatingMethodAccessorImpl.invoke(DelegatingMethodAccessorImpl.java:43)
	at java.lang.reflect.Method.invoke(Method.java:498)
	at org.testng.internal.MethodInvocationHelper.invokeMethod(MethodInvocationHelper.java:80)
	at org.testng.internal.Invoker.invokeMethod(Invoker.java:714)
	at org.testng.internal.Invoker.invokeTestMethod(Invoker.java:901)
	at org.testng.internal.Invoker.invokeTestMethods(Invoker.java:1231)
	at org.testng.internal.TestMethodWorker.invokeTestMethods(TestMethodWorker.java:127)
	at org.testng.internal.TestMethodWorker.run(TestMethodWorker.java:111)
	at org.testng.TestRunner.privateRun(TestRunner.java:767)
	at org.testng.TestRunner.run(TestRunner.java:617)
	at org.testng.SuiteRunner.runTest(SuiteRunner.java:334)
	at org.testng.SuiteRunner.runSequentially(SuiteRunner.java:329)
	at org.testng.SuiteRunner.privateRun(SuiteRunner.java:291)
	at org.testng.SuiteRunner.run(SuiteRunner.java:240)
	at org.testng.SuiteRunnerWorker.runSuite(SuiteRunnerWorker.java:52)
	at org.testng.SuiteRunnerWorker.run(SuiteRunnerWorker.java:86)
	at org.testng.TestNG.runSuitesSequentially(TestNG.java:1198)
	at org.testng.TestNG.runSuitesLocally(TestNG.java:1123)
	at org.testng.TestNG.run(TestNG.java:1031)
	at org.testng.remote.AbstractRemoteTestNG.run(AbstractRemoteTestNG.java:132)
	at org.testng.remote.RemoteTestNG.initAndRun(RemoteTestNG.java:230)
	at org.testng.remote.RemoteTestNG.main(RemoteTestNG.java:76)
Caused by: org.openqa.selenium.NoSuchWindowException: no such window: target window already closed
from unknown error: web view not found
  (Session info: chrome=57.0.2987.133)
  (Driver info: chromedriver=2.28.455517 (2c6d2707d8ea850c862f04ac066724273981e88f),platform=Mac OS X 10.12.2 x86_64) (WARNING: The server did not provide any stacktrace information)
Command duration or timeout: 4 milliseconds
Build info: version: '3.3.1', revision: '5234b325d5', time: '2017-03-10 09:10:29 +0000'
System info: host: 'Hardik-Ranjan.local', ip: 'fe80:0:0:0:1099:1091:83cc:85e%en0', os.name: 'Mac OS X', os.arch: 'x86_64', os.version: '10.12.2', java.version: '1.8.0_101'
Driver info: org.openqa.selenium.chrome.ChromeDriver
Capabilities [{applicationCacheEnabled=false, rotatable=false, mobileEmulationEnabled=false, networkConnectionEnabled=false, chrome={chromedriverVersion=2.28.455517 (2c6d2707d8ea850c862f04ac066724273981e88f), userDataDir=/var/folders/tr/nl8dnlhn4zl4pdrggg7q6zx40000gn/T/.org.chromium.Chromium.zfUS26}, takesHeapSnapshot=true, pageLoadStrategy=normal, databaseEnabled=false, handlesAlerts=true, hasTouchScreen=false, version=57.0.2987.133, platform=MAC, browserConnectionEnabled=false, nativeEvents=true, acceptSslCerts=true, locationContextEnabled=true, webStorageEnabled=true, browserName=chrome, takesScreenshot=true, javascriptEnabled=true, cssSelectorsEnabled=true, unexpectedAlertBehaviour=}]
Session ID: fe79ee72bc9d4173b828dbb7dc4cb186
*** Element info: {Using=css selector, value=.js-alert-container}
	at sun.reflect.GeneratedConstructorAccessor10.newInstance(Unknown Source)
	at sun.reflect.DelegatingConstructorAccessorImpl.newInstance(DelegatingConstructorAccessorImpl.java:45)
	at java.lang.reflect.Constructor.newInstance(Constructor.java:423)
	at org.openqa.selenium.remote.ErrorHandler.createThrowable(ErrorHandler.java:216)
	at org.openqa.selenium.remote.ErrorHandler.throwIfResponseFailed(ErrorHandler.java:168)
	at org.openqa.selenium.remote.RemoteWebDriver.execute(RemoteWebDriver.java:638)
	at org.openqa.selenium.remote.RemoteWebDriver.findElements(RemoteWebDriver.java:396)
	at org.openqa.selenium.remote.RemoteWebDriver.findElementsByCssSelector(RemoteWebDriver.java:472)
	at org.openqa.selenium.By$ByCssSelector.findElements(By.java:441)
	at org.openqa.selenium.remote.RemoteWebDriver.findElements(RemoteWebDriver.java:359)
	at org.openqa.selenium.support.ui.ExpectedConditions.findElement(ExpectedConditions.java:898)
	at org.openqa.selenium.support.ui.ExpectedConditions.access$000(ExpectedConditions.java:44)
	at org.openqa.selenium.support.ui.ExpectedConditions$7.apply(ExpectedConditions.java:208)
	at org.openqa.selenium.support.ui.ExpectedConditions$7.apply(ExpectedConditions.java:204)
	at org.openqa.selenium.support.ui.FluentWait.until(FluentWait.java:209)
	... 27 more
]]>
            </full-stacktrace>
          </exception> <!-- org.openqa.selenium.TimeoutException -->
          <reporter-output>
            <line>
              <![CDATA[2017-04-13 10:28:39.827 [info]  Navigate Back To Login Page]]>
            </line>
            <line>
              <![CDATA[2017-04-13 10:28:41.058 [info]  Open SignUp Page]]>
            </line>
            <line>
              <![CDATA[2017-04-13 10:28:43.242 [info]  Enter Email Id from Already Registered EmailId]]>
            </line>
            <line>
              <![CDATA[2017-04-13 10:28:43.559 [info]  SignUp Button Is Clicked]]>
            </line>
          </reporter-output>
        </test-method> <!-- testEmailFail -->
        <test-method status="FAIL" signature="run()[pri:0, instance:signupautomation.VerifyLinkText@29774679]" name="run" is-config="true" duration-ms="0" started-at="2017-04-13T10:28:53Z" finished-at="2017-04-13T10:28:53Z">
          <exception class="org.openqa.selenium.WebDriverException">
            <message>
              <![CDATA[chrome not reachable
  (Session info: chrome=57.0.2987.133)
  (Driver info: chromedriver=2.28.455517 (2c6d2707d8ea850c862f04ac066724273981e88f),platform=Mac OS X 10.12.2 x86_64) (WARNING: The server did not provide any stacktrace information)
Command duration or timeout: 3 milliseconds
Build info: version: '3.3.1', revision: '5234b325d5', time: '2017-03-10 09:10:29 +0000'
System info: host: 'Hardik-Ranjan.local', ip: 'fe80:0:0:0:1099:1091:83cc:85e%en0', os.name: 'Mac OS X', os.arch: 'x86_64', os.version: '10.12.2', java.version: '1.8.0_101'
Driver info: org.openqa.selenium.chrome.ChromeDriver
Capabilities [{applicationCacheEnabled=false, rotatable=false, mobileEmulationEnabled=false, networkConnectionEnabled=false, chrome={chromedriverVersion=2.28.455517 (2c6d2707d8ea850c862f04ac066724273981e88f), userDataDir=/var/folders/tr/nl8dnlhn4zl4pdrggg7q6zx40000gn/T/.org.chromium.Chromium.zfUS26}, takesHeapSnapshot=true, pageLoadStrategy=normal, databaseEnabled=false, handlesAlerts=true, hasTouchScreen=false, version=57.0.2987.133, platform=MAC, browserConnectionEnabled=false, nativeEvents=true, acceptSslCerts=true, locationContextEnabled=true, webStorageEnabled=true, browserName=chrome, takesScreenshot=true, javascriptEnabled=true, cssSelectorsEnabled=true, unexpectedAlertBehaviour=}]
Session ID: fe79ee72bc9d4173b828dbb7dc4cb186]]>
            </message>
            <full-stacktrace>
              <![CDATA[org.openqa.selenium.WebDriverException: chrome not reachable
  (Session info: chrome=57.0.2987.133)
  (Driver info: chromedriver=2.28.455517 (2c6d2707d8ea850c862f04ac066724273981e88f),platform=Mac OS X 10.12.2 x86_64) (WARNING: The server did not provide any stacktrace information)
Command duration or timeout: 3 milliseconds
Build info: version: '3.3.1', revision: '5234b325d5', time: '2017-03-10 09:10:29 +0000'
System info: host: 'Hardik-Ranjan.local', ip: 'fe80:0:0:0:1099:1091:83cc:85e%en0', os.name: 'Mac OS X', os.arch: 'x86_64', os.version: '10.12.2', java.version: '1.8.0_101'
Driver info: org.openqa.selenium.chrome.ChromeDriver
Capabilities [{applicationCacheEnabled=false, rotatable=false, mobileEmulationEnabled=false, networkConnectionEnabled=false, chrome={chromedriverVersion=2.28.455517 (2c6d2707d8ea850c862f04ac066724273981e88f), userDataDir=/var/folders/tr/nl8dnlhn4zl4pdrggg7q6zx40000gn/T/.org.chromium.Chromium.zfUS26}, takesHeapSnapshot=true, pageLoadStrategy=normal, databaseEnabled=false, handlesAlerts=true, hasTouchScreen=false, version=57.0.2987.133, platform=MAC, browserConnectionEnabled=false, nativeEvents=true, acceptSslCerts=true, locationContextEnabled=true, webStorageEnabled=true, browserName=chrome, takesScreenshot=true, javascriptEnabled=true, cssSelectorsEnabled=true, unexpectedAlertBehaviour=}]
Session ID: fe79ee72bc9d4173b828dbb7dc4cb186
	at sun.reflect.NativeConstructorAccessorImpl.newInstance0(Native Method)
	at sun.reflect.NativeConstructorAccessorImpl.newInstance(NativeConstructorAccessorImpl.java:62)
	at sun.reflect.DelegatingConstructorAccessorImpl.newInstance(DelegatingConstructorAccessorImpl.java:45)
	at java.lang.reflect.Constructor.newInstance(Constructor.java:423)
	at org.openqa.selenium.remote.ErrorHandler.createThrowable(ErrorHandler.java:216)
	at org.openqa.selenium.remote.ErrorHandler.throwIfResponseFailed(ErrorHandler.java:168)
	at org.openqa.selenium.remote.RemoteWebDriver.execute(RemoteWebDriver.java:638)
	at org.openqa.selenium.remote.RemoteWebDriver.execute(RemoteWebDriver.java:661)
	at org.openqa.selenium.remote.RemoteWebDriver.close(RemoteWebDriver.java:490)
	at signupautomation.VerifyLinkText.run(VerifyLinkText.java:71)
	at sun.reflect.NativeMethodAccessorImpl.invoke0(Native Method)
	at sun.reflect.NativeMethodAccessorImpl.invoke(NativeMethodAccessorImpl.java:62)
	at sun.reflect.DelegatingMethodAccessorImpl.invoke(DelegatingMethodAccessorImpl.java:43)
	at java.lang.reflect.Method.invoke(Method.java:498)
	at org.testng.internal.MethodInvocationHelper.invokeMethod(MethodInvocationHelper.java:80)
	at org.testng.internal.Invoker.invokeConfigurationMethod(Invoker.java:564)
	at org.testng.internal.Invoker.invokeConfigurations(Invoker.java:213)
	at org.testng.internal.Invoker.invokeConfigurations(Invoker.java:138)
	at org.testng.internal.TestMethodWorker.invokeAfterClassMethods(TestMethodWorker.java:225)
	at org.testng.internal.TestMethodWorker.run(TestMethodWorker.java:114)
	at org.testng.TestRunner.privateRun(TestRunner.java:767)
	at org.testng.TestRunner.run(TestRunner.java:617)
	at org.testng.SuiteRunner.runTest(SuiteRunner.java:334)
	at org.testng.SuiteRunner.runSequentially(SuiteRunner.java:329)
	at org.testng.SuiteRunner.privateRun(SuiteRunner.java:291)
	at org.testng.SuiteRunner.run(SuiteRunner.java:240)
	at org.testng.SuiteRunnerWorker.runSuite(SuiteRunnerWorker.java:52)
	at org.testng.SuiteRunnerWorker.run(SuiteRunnerWorker.java:86)
	at org.testng.TestNG.runSuitesSequentially(TestNG.java:1198)
	at org.testng.TestNG.runSuitesLocally(TestNG.java:1123)
	at org.testng.TestNG.run(TestNG.java:1031)
	at org.testng.remote.AbstractRemoteTestNG.run(AbstractRemoteTestNG.java:132)
	at org.testng.remote.RemoteTestNG.initAndRun(RemoteTestNG.java:230)
	at org.testng.remote.RemoteTestNG.main(RemoteTestNG.java:76)
]]>
            </full-stacktrace>
          </exception> <!-- org.openqa.selenium.WebDriverException -->
          <reporter-output>
          </reporter-output>
        </test-method> <!-- run -->
      </class> <!-- signupautomation.VerifyLinkText -->
    </test> <!-- Default test -->
  </suite> <!-- Default suite -->
</testng-results>
